<?xml version="1.0" encoding="UTF-8"?>

<beans xmlns="http://www.springframework.org/schema/beans"
       xmlns:xsi="http://www.w3.org/2001/XMLSchema-instance"
       xsi:schemaLocation="http://www.springframework.org/schema/beans http://www.springframework.org/schema/beans/spring-beans-3.1.xsd">

    <import resource="context.xml"/>
    <bean id="dataSource" class="org.apache.tomcat.jdbc.pool.DataSource">
        <property name="driverClassName" value="#{properties.driverClassName}"/>
        <property name="url" value="#{properties.url}"/>
        <property name="username" value="#{properties.username}"/>
        <property name="password" value="#{properties.password}"/>
    </bean>
</beans>